"C:\Users\Yura\clion\CLion 2020.3.1\bin\cmake\win\bin\cmake.exe" -DCMAKE_BUILD_TYPE=Debug -G "CodeBlocks - MinGW Makefiles" "D:\git\семестр 2\lab1\lab12\src\task1"
-- The C compiler identification is GNU 8.1.0
-- Check for working C compiler: C:/Program Files/mingw-w64/x86_64-8.1.0-posix-seh-rt_v6-rev0/mingw64/bin/gcc.exe
-- Check for working C compiler: C:/Program Files/mingw-w64/x86_64-8.1.0-posix-seh-rt_v6-rev0/mingw64/bin/gcc.exe - broken
CMake Error at C:/Users/Yura/clion/CLion 2020.3.1/bin/cmake/win/share/cmake-3.17/Modules/CMakeTestCCompiler.cmake:60 (message):
  The C compiler

    "C:/Program Files/mingw-w64/x86_64-8.1.0-posix-seh-rt_v6-rev0/mingw64/bin/gcc.exe"

  is not able to compile a simple test program.

  It fails with the following output:

    Change Dir: D:/git/СЃРµРјРµСЃС‚СЂ 2/lab1/lab12/src/task1/cmake-build-debug/CMakeFiles/CMakeTmp
    
    Run Build Command(s):C:/PROGRA~1/MINGW-~1/X86_64~1.0-P/mingw64/bin/mingw32-make.exe cmTC_04a1d/fast && C:/PROGRA~1/MINGW-~1/X86_64~1.0-P/mingw64/bin/mingw32-make.exe  -f CMakeFiles\cmTC_04a1d.dir\build.make CMakeFiles/cmTC_04a1d.dir/build
    mingw32-make.exe[1]: Entering directory 'D:/git/С‘С…СЊС…С‘Р„РЃ 2/lab1/lab12/src/task1/cmake-build-debug/CMakeFiles/CMakeTmp'
    Building C object CMakeFiles/cmTC_04a1d.dir/testCCompiler.c.obj
    C:\PROGRA~1\MINGW-~1\X86_64~1.0-P\mingw64\bin\gcc.exe    -o CMakeFiles\cmTC_04a1d.dir\testCCompiler.c.obj   -c "D:\git\в•¤Р‘в•Ёв•Ўв•Ёв•ќв•Ёв•Ўв•¤Р‘в•¤Р’в•¤Рђ 2\lab1\lab12\src\task1\cmake-build-debug\CMakeFiles\CMakeTmp\testCCompiler.c"
    gcc.exe: error: D:\git\в•¤Р‘в•Ёв•Ўв•Ёв•ќв•Ёв•Ўв•¤Р‘в•¤Р’в•¤Рђ 2\lab1\lab12\src\task1\cmake-build-debug\CMakeFiles\CMakeTmp\testCCompiler.c: No such file or directory
    gcc.exe: fatal error: no input files
    compilation terminated.
    mingw32-make.exe[1]: *** [CMakeFiles\cmTC_04a1d.dir\build.make:85: CMakeFiles/cmTC_04a1d.dir/testCCompiler.c.obj] Error 1
    mingw32-make.exe[1]: Leaving directory 'D:/git/С‘С…СЊС…С‘Р„РЃ 2/lab1/lab12/src/task1/cmake-build-debug/CMakeFiles/CMakeTmp'
    mingw32-make.exe: *** [Makefile:140: cmTC_04a1d/fast] Error 2
    
    

  

  CMake will not be able to correctly generate this project.
Call Stack (most recent call first):
  CMakeLists.txt:2 (project)


-- Configuring incomplete, errors occurred!
See also "D:/git/СЃРµРјРµСЃС‚СЂ 2/lab1/lab12/src/task1/cmake-build-debug/CMakeFiles/CMakeOutput.log".
See also "D:/git/СЃРµРјРµСЃС‚СЂ 2/lab1/lab12/src/task1/cmake-build-debug/CMakeFiles/CMakeError.log".
